<?xml version="1.0" encoding="UTF-8"?>
<!-- Generated by org.testng.reporters.JUnitXMLReporter -->
<testsuite hostname="andrey-Lenovo-Z580" ignored="0" name="Command line test" tests="6" failures="0" timestamp="2020-01-22T11:47:19 IST" time="17.669" errors="0">
  <testcase name="@BeforeTest driver" time="2.682" classname="Tests.BasicAuthMySqlTest">
    <failure type="com.mysql.cj.jdbc.exceptions.CommunicationsException" message="Communications link failure

The last packet sent successfully to the server was 0 milliseconds ago. The driver has not received any packets from the server.">
      <![CDATA[com.mysql.cj.jdbc.exceptions.CommunicationsException: Communications link failure

The last packet sent successfully to the server was 0 milliseconds ago. The driver has not received any packets from the server.
at com.mysql.cj.jdbc.exceptions.SQLError.createCommunicationsException(SQLError.java:174)
at com.mysql.cj.jdbc.exceptions.SQLExceptionsMapping.translateException(SQLExceptionsMapping.java:64)
at com.mysql.cj.jdbc.ConnectionImpl.createNewIO(ConnectionImpl.java:827)
at com.mysql.cj.jdbc.ConnectionImpl.<init>(ConnectionImpl.java:447)
at com.mysql.cj.jdbc.ConnectionImpl.getInstance(ConnectionImpl.java:237)
at com.mysql.cj.jdbc.NonRegisteringDriver.connect(NonRegisteringDriver.java:199)
at java.sql.DriverManager.getConnection(DriverManager.java:664)
at java.sql.DriverManager.getConnection(DriverManager.java:247)
at Tests.BasicAuthMySqlTest.driver(BasicAuthMySqlTest.java:28)
Caused by: com.mysql.cj.exceptions.CJCommunicationsException: Communications link failure

The last packet sent successfully to the server was 0 milliseconds ago. The driver has not received any packets from the server.
at com.mysql.cj.exceptions.ExceptionFactory.createException(ExceptionFactory.java:61)
at com.mysql.cj.exceptions.ExceptionFactory.createException(ExceptionFactory.java:105)
at com.mysql.cj.exceptions.ExceptionFactory.createException(ExceptionFactory.java:151)
at com.mysql.cj.exceptions.ExceptionFactory.createCommunicationsException(ExceptionFactory.java:167)
at com.mysql.cj.protocol.a.NativeSocketConnection.connect(NativeSocketConnection.java:91)
at com.mysql.cj.NativeSession.connect(NativeSession.java:150)
at com.mysql.cj.jdbc.ConnectionImpl.connectOneTryOnly(ConnectionImpl.java:947)
at com.mysql.cj.jdbc.ConnectionImpl.createNewIO(ConnectionImpl.java:817)
... 40 more
Caused by: java.net.ConnectException: Connection refused (Connection refused)
at java.net.PlainSocketImpl.socketConnect(Native Method)
at java.net.AbstractPlainSocketImpl.doConnect(AbstractPlainSocketImpl.java:350)
at java.net.AbstractPlainSocketImpl.connectToAddress(AbstractPlainSocketImpl.java:206)
at java.net.AbstractPlainSocketImpl.connect(AbstractPlainSocketImpl.java:188)
at java.net.SocksSocketImpl.connect(SocksSocketImpl.java:392)
at java.net.Socket.connect(Socket.java:607)
at com.mysql.cj.protocol.StandardSocketFactory.connect(StandardSocketFactory.java:155)
at com.mysql.cj.protocol.a.NativeSocketConnection.connect(NativeSocketConnection.java:65)
... 43 more
... Removed 38 stack frames]]>
    </failure>
  </testcase> <!-- @BeforeTest driver -->
  <testcase name="@BeforeTest driver" time="-1.579686439141E9" classname="Tests.BrokenImagesTest">
    <skipped/>
  </testcase> <!-- @BeforeTest driver -->
  <testcase name="@BeforeTest driver" time="-1.579686439142E9" classname="Tests.ChallengingDomTest">
    <skipped/>
  </testcase> <!-- @BeforeTest driver -->
  <testcase name="@BeforeTest driver" time="-1.579686439142E9" classname="Tests.CheckboxesTest">
    <skipped/>
  </testcase> <!-- @BeforeTest driver -->
  <testcase name="@AfterTest driverEnd" time="-1.579686439172E9" classname="Tests.ABbuttonTest">
    <skipped/>
  </testcase> <!-- @AfterTest driverEnd -->
  <testcase name="@AfterTest driverEnd" time="-1.579686439172E9" classname="Tests.AddRemoverTest">
    <skipped/>
  </testcase> <!-- @AfterTest driverEnd -->
  <testcase name="@AfterTest driverEnd" time="-1.579686439173E9" classname="Tests.BasicAuthMySqlTest">
    <skipped/>
  </testcase> <!-- @AfterTest driverEnd -->
  <testcase name="@AfterTest driverEnd" time="-1.579686439173E9" classname="Tests.BrokenImagesTest">
    <skipped/>
  </testcase> <!-- @AfterTest driverEnd -->
  <testcase name="@AfterTest driverEnd" time="-1.579686439173E9" classname="Tests.ChallengingDomTest">
    <skipped/>
  </testcase> <!-- @AfterTest driverEnd -->
  <testcase name="@AfterTest driverEnd" time="-1.579686439173E9" classname="Tests.CheckboxesTest">
    <skipped/>
  </testcase> <!-- @AfterTest driverEnd -->
  <testcase name="test" time="0.0" classname="Tests.ChallengingDomTest">
    <skipped/>
  </testcase> <!-- test -->
  <testcase name="test" time="0.0" classname="Tests.BrokenImagesTest">
    <skipped/>
  </testcase> <!-- test -->
  <testcase name="test" time="0.0" classname="Tests.ABbuttonTest">
    <skipped/>
  </testcase> <!-- test -->
  <testcase name="test" time="0.0" classname="Tests.AddRemoverTest">
    <skipped/>
  </testcase> <!-- test -->
  <testcase name="test" time="0.0" classname="Tests.CheckboxesTest">
    <skipped/>
  </testcase> <!-- test -->
  <testcase name="test" time="0.0" classname="Tests.BasicAuthMySqlTest">
    <skipped/>
  </testcase> <!-- test -->
</testsuite> <!-- Command line test -->
